<?xml version="1.0" encoding="UTF-8"?>
<testsuite name="models.EncryptTest" tests="1" skipped="0" failures="0" errors="0" timestamp="2020-11-20T20:58:25" hostname="moringa-ThinkPad-L450" time="0.001">
  <properties/>
  <testcase name="Encrypt" classname="models.EncryptTest" time="0.001"/>
  <system-out><![CDATA[]]></system-out>
  <system-err><![CDATA[]]></system-err>
</testsuite>
