<?xml version="1.0" encoding="UTF-8"?>
<testsuite name="models.DecryptTest" tests="7" skipped="0" failures="0" errors="0" timestamp="2020-11-20T22:49:25" hostname="moringa-ThinkPad-L450" time="0.011">
  <properties/>
  <testcase name="getmInputSring" classname="models.DecryptTest" time="0.001"/>
  <testcase name="Decrypt" classname="models.DecryptTest" time="0.0"/>
  <testcase name="testGetmInputString" classname="models.DecryptTest" time="0.001"/>
  <testcase name="getmImputString" classname="models.DecryptTest" time="0.001"/>
  <testcase name="testDecrypt" classname="models.DecryptTest" time="0.001"/>
  <testcase name="getmShift" classname="models.DecryptTest" time="0.001"/>
  <testcase name="decrypt" classname="models.DecryptTest" time="0.0"/>
  <system-out><![CDATA[]]></system-out>
  <system-err><![CDATA[]]></system-err>
</testsuite>
