<?xml version="1.0" encoding="UTF-8"?>
<testsuite name="models.DecryptTest" tests="1" skipped="0" failures="0" errors="0" timestamp="2020-11-20T21:53:54" hostname="moringa-ThinkPad-L450" time="0.003">
  <properties/>
  <testcase name="Decrypt" classname="models.DecryptTest" time="0.003"/>
  <system-out><![CDATA[]]></system-out>
  <system-err><![CDATA[]]></system-err>
</testsuite>
